#
# A fatal error has been detected by the Java Runtime Environment:
#
#  SIGSEGV (0xb) at pc=0xb324781d, pid=9461, tid=2246277952
#
# JRE version: OpenJDK Runtime Environment (7.0_55-b14) (build 1.7.0_55-b14)
# Java VM: OpenJDK Server VM (24.51-b03 mixed mode linux-x86 )
# Problematic frame:
# v  ~BufferBlob::jni_fast_GetLongField
#
# Failed to write core dump. Core dumps have been disabled. To enable core dumping, try "ulimit -c unlimited" before starting Java again
#
# If you would like to submit a bug report, please include
# instructions on how to reproduce the bug and visit:
#   http://icedtea.classpath.org/bugzilla
# The crash happened outside the Java Virtual Machine in native code.
# See problematic frame for where to report the bug.
#

---------------  T H R E A D  ---------------

Current thread (0x87509000):  JavaThread "AWT-XAWT" daemon [_thread_in_native, id=9561, stack(0x85c37000,0x85e38000)]

siginfo:si_signo=SIGSEGV: si_errno=0, si_code=1 (SEGV_MAPERR), si_addr=0x00000000

Registers:
EAX=0x00000000, EBX=0x8957b000, ECX=0x000001b2, EDX=0x00000000
ESP=0x85e36e18, EBP=0x85e36e68, ESI=0x00000042, EDI=0x87509128
EIP=0xb324781d, EFLAGS=0x00210246, CR2=0x00000000

Top of Stack: (sp=0x85e36e18)
0x85e36e18:   00000000 89547853 87509128 00000000
0x85e36e28:   00000042 87e92000 8754c810 01400003
0x85e36e38:   ffffffff 87509128 8bdc0394 85e36e70
0x85e36e48:   85e36e68 89547924 b7139060 00010002
0x85e36e58:   8954782f 866fc000 8b9286b8 00000000
0x85e36e68:   8b925150 86628e18 8b925150 00000000
0x85e36e78:   00000000 85e36ea0 8be81920 00000000
0x85e36e88:   86628db9 866fc000 8b925528 01400003 

Instructions: (pc=0xb324781d)
0xb32477fd:   00 00 00 56 8b 0d 24 3f 15 b7 f6 c1 01 0f 85 30
0xb324780d:   00 00 00 8b c1 83 e0 01 8b 54 04 0c 8b 74 24 10
0xb324781d:   8b 12 c1 ee 02 8b 04 32 8b 54 32 04 be 24 3f 15
0xb324782d:   b7 33 f2 33 f0 33 f2 33 f0 3b 0e 0f 85 02 00 00 

Register to memory mapping:

EAX=0x00000000 is an unknown value
EBX=0x8957b000: <offset 0x52000> in /usr/lib/jvm/java-7-openjdk-i386/jre/lib/i386/xawt/libmawt.so at 0x89529000
ECX=0x000001b2 is an unknown value
EDX=0x00000000 is an unknown value
ESP=0x85e36e18 is pointing into the stack for thread: 0x87509000
EBP=0x85e36e68 is pointing into the stack for thread: 0x87509000
ESI=0x00000042 is an unknown value
EDI=0x87509128 is an unknown value


Stack: [0x85c37000,0x85e38000],  sp=0x85e36e18,  free space=2047k
Native frames: (J=compiled Java code, j=interpreted, Vv=VM code, C=native code)
v  ~BufferBlob::jni_fast_GetLongField

Java frames: (J=compiled Java code, j=interpreted, Vv=VM code)
j  sun.awt.X11.XlibWrapper.XFilterEvent(JJ)Z+0
j  sun.awt.X11.XToolkit.run(Z)V+300
j  sun.awt.X11.XToolkit.run()V+5
j  java.lang.Thread.run()V+11
v  ~StubRoutines::call_stub

---------------  P R O C E S S  ---------------

Java Threads: ( => current thread )
=>0x87509000 JavaThread "AWT-XAWT" daemon [_thread_in_native, id=9561, stack(0x85c37000,0x85e38000)]
  0x885bb800 JavaThread "Java2D Disposer" daemon [_thread_blocked, id=9560, stack(0x85e38000,0x86039000)]
  0x875d8800 JavaThread "NonBlockingInputStreamThread" daemon [_thread_blocked, id=9484, stack(0x866ff000,0x86900000)]
  0x87571800 JavaThread "JRubyJIT-2" daemon [_thread_blocked, id=9476, stack(0x86efe000,0x870ff000)]
  0x87570800 JavaThread "JRubyJIT-1" daemon [_thread_blocked, id=9475, stack(0x870ff000,0x87300000)]
  0x89aa3c00 JavaThread "Service Thread" daemon [_thread_blocked, id=9473, stack(0x88b7c000,0x88d7d000)]
  0x89aa2000 JavaThread "C2 CompilerThread1" daemon [_thread_blocked, id=9472, stack(0x88d7d000,0x88dfe000)]
  0x89aa0000 JavaThread "C2 CompilerThread0" daemon [_thread_blocked, id=9471, stack(0x8957e000,0x895ff000)]
  0x89a9e400 JavaThread "Signal Dispatcher" daemon [_thread_blocked, id=9470, stack(0x88dfe000,0x88fff000)]
  0x89a8cc00 JavaThread "Finalizer" daemon [_thread_blocked, id=9469, stack(0x891ff000,0x89400000)]
  0x89a8b400 JavaThread "Reference Handler" daemon [_thread_blocked, id=9468, stack(0x895ff000,0x89800000)]
  0xb6208000 JavaThread "main" [_thread_in_native, id=9462, stack(0xb63c8000,0xb65c9000)]

Other Threads:
  0x89a88c00 VMThread [stack: 0x8997f000,0x89a00000] [id=9467]
  0x89aa5c00 WatcherThread [stack: 0x88afb000,0x88b7c000] [id=9474]

VM state:not at safepoint (normal execution)

VM Mutex/Monitor currently owned by a thread: None

Heap
 PSYoungGen      total 18432K, used 14531K [0xa8a80000, 0xaae80000, 0xb3140000)
  eden space 15872K, 75% used [0xa8a80000,0xa9631920,0xa9a00000)
  from space 2560K, 99% used [0xa9a00000,0xa9c7f540,0xa9c80000)
  to   space 2560K, 0% used [0xaac00000,0xaac00000,0xaae80000)
 ParOldGen       total 41728K, used 7845K [0x93d40000, 0x96600000, 0xa8a80000)
  object space 41728K, 18% used [0x93d40000,0x944e9460,0x96600000)
 PSPermGen       total 22528K, used 22476K [0x8bd40000, 0x8d340000, 0x93d40000)
  object space 22528K, 99% used [0x8bd40000,0x8d333130,0x8d340000)

Card table byte_map: [0x8bc05000,0x8bd40000] byte_map_base: 0x8b7a6600

Polling page: 0xb775a000

Code Cache  [0xb3200000, 0xb3440000, 0xb6200000)
 total_blobs=741 nmethods=420 adapters=274 free_code_cache=47956Kb largest_free_block=48893376

Compilation events (10 events):
Event: 1823.694 Thread 0x89aa0000  452             sun.util.logging.PlatformLogger$DefaultLoggerProxy::isLoggable (29 bytes)
Event: 1823.697 Thread 0x89aa0000 nmethod 452 0xb326f788 code [0xb326f880, 0xb326f950]
Event: 2267.640 Thread 0x89aa2000  453             sun.awt.X11.XToolkit::getDisplay (4 bytes)
Event: 2267.640 Thread 0x89aa2000 nmethod 453 0xb3289388 code [0xb3289460, 0xb32894b0]
Event: 2269.642 Thread 0x89aa2000  454             sun.awt.SunToolkit::awtLock (7 bytes)
Event: 2269.644 Thread 0x89aa0000  455             sun.awt.SunToolkit::awtUnlock (7 bytes)
Event: 2269.646 Thread 0x89aa2000 nmethod 454 0xb3290f48 code [0xb3291080, 0xb3291198]
Event: 2269.647 Thread 0x89aa0000 nmethod 455 0xb326f408 code [0xb326f500, 0xb326f5bc]
Event: 2530.299 Thread 0x89aa2000  457             java.util.concurrent.locks.ReentrantLock$Sync::nonfairTryAcquire (67 bytes)
Event: 2530.300 Thread 0x89aa2000 nmethod 457 0xb3290a48 code [0xb3290b40, 0xb3290bf0]

GC Heap History (6 events):
Event: 1.743 GC heap before
{Heap before GC invocations=1 (full 0):
 PSYoungGen      total 18432K, used 15872K [0xa8a80000, 0xa9f00000, 0xb3140000)
  eden space 15872K, 100% used [0xa8a80000,0xa9a00000,0xa9a00000)
  from space 2560K, 0% used [0xa9c80000,0xa9c80000,0xa9f00000)
  to   space 2560K, 0% used [0xa9a00000,0xa9a00000,0xa9c80000)
 ParOldGen       total 41728K, used 0K [0x93d40000, 0x96600000, 0xa8a80000)
  object space 41728K, 0% used [0x93d40000,0x93d40000,0x96600000)
 PSPermGen       total 16384K, used 12792K [0x8bd40000, 0x8cd40000, 0x93d40000)
  object space 16384K, 78% used [0x8bd40000,0x8c9be1b0,0x8cd40000)
Event: 1.759 GC heap after
Heap after GC invocations=1 (full 0):
 PSYoungGen      total 18432K, used 2548K [0xa8a80000, 0xa9f00000, 0xb3140000)
  eden space 15872K, 0% used [0xa8a80000,0xa8a80000,0xa9a00000)
  from space 2560K, 99% used [0xa9a00000,0xa9c7d150,0xa9c80000)
  to   space 2560K, 0% used [0xa9c80000,0xa9c80000,0xa9f00000)
 ParOldGen       total 41728K, used 3256K [0x93d40000, 0x96600000, 0xa8a80000)
  object space 41728K, 7% used [0x93d40000,0x9406e3b0,0x96600000)
 PSPermGen       total 16384K, used 12792K [0x8bd40000, 0x8cd40000, 0x93d40000)
  object space 16384K, 78% used [0x8bd40000,0x8c9be1b0,0x8cd40000)
}
Event: 3.067 GC heap before
{Heap before GC invocations=2 (full 0):
 PSYoungGen      total 18432K, used 18420K [0xa8a80000, 0xa9f00000, 0xb3140000)
  eden space 15872K, 100% used [0xa8a80000,0xa9a00000,0xa9a00000)
  from space 2560K, 99% used [0xa9a00000,0xa9c7d150,0xa9c80000)
  to   space 2560K, 0% used [0xa9c80000,0xa9c80000,0xa9f00000)
 ParOldGen       total 41728K, used 3256K [0x93d40000, 0x96600000, 0xa8a80000)
  object space 41728K, 7% used [0x93d40000,0x9406e3b0,0x96600000)
 PSPermGen       total 16896K, used 16804K [0x8bd40000, 0x8cdc0000, 0x93d40000)
  object space 16896K, 99% used [0x8bd40000,0x8cda9170,0x8cdc0000)
Event: 3.086 GC heap after
Heap after GC invocations=2 (full 0):
 PSYoungGen      total 18432K, used 2557K [0xa8a80000, 0xaae80000, 0xb3140000)
  eden space 15872K, 0% used [0xa8a80000,0xa8a80000,0xa9a00000)
  from space 2560K, 99% used [0xa9c80000,0xa9eff540,0xa9f00000)
  to   space 2560K, 0% used [0xa9a00000,0xa9a00000,0xa9c80000)
 ParOldGen       total 41728K, used 6681K [0x93d40000, 0x96600000, 0xa8a80000)
  object space 41728K, 16% used [0x93d40000,0x943c6488,0x96600000)
 PSPermGen       total 16896K, used 16804K [0x8bd40000, 0x8cdc0000, 0x93d40000)
  object space 16896K, 99% used [0x8bd40000,0x8cda9170,0x8cdc0000)
}
Event: 3.691 GC heap before
{Heap before GC invocations=3 (full 0):
 PSYoungGen      total 18432K, used 18429K [0xa8a80000, 0xaae80000, 0xb3140000)
  eden space 15872K, 100% used [0xa8a80000,0xa9a00000,0xa9a00000)
  from space 2560K, 99% used [0xa9c80000,0xa9eff540,0xa9f00000)
  to   space 2560K, 0% used [0xa9a00000,0xa9a00000,0xa9c80000)
 ParOldGen       total 41728K, used 6681K [0x93d40000, 0x96600000, 0xa8a80000)
  object space 41728K, 16% used [0x93d40000,0x943c6488,0x96600000)
 PSPermGen       total 17152K, used 17131K [0x8bd40000, 0x8ce00000, 0x93d40000)
  object space 17152K, 99% used [0x8bd40000,0x8cdfad58,0x8ce00000)
Event: 3.706 GC heap after
Heap after GC invocations=3 (full 0):
 PSYoungGen      total 18432K, used 2557K [0xa8a80000, 0xaae80000, 0xb3140000)
  eden space 15872K, 0% used [0xa8a80000,0xa8a80000,0xa9a00000)
  from space 2560K, 99% used [0xa9a00000,0xa9c7f540,0xa9c80000)
  to   space 2560K, 0% used [0xaac00000,0xaac00000,0xaae80000)
 ParOldGen       total 41728K, used 7845K [0x93d40000, 0x96600000, 0xa8a80000)
  object space 41728K, 18% used [0x93d40000,0x944e9460,0x96600000)
 PSPermGen       total 17152K, used 17131K [0x8bd40000, 0x8ce00000, 0x93d40000)
  object space 17152K, 99% used [0x8bd40000,0x8cdfad58,0x8ce00000)
}

Deoptimization events (10 events):
Event: 3.124 Thread 0xb6208000 Uncommon trap: reason=class_check action=maybe_recompile pc=0xb32e0d7c method=java.util.HashMap.put(Ljava/lang/Object;Ljava/lang/Object;)Ljava/lang/Object; @ 105
Event: 3.124 Thread 0xb6208000 Uncommon trap: reason=class_check action=maybe_recompile pc=0xb32e0d7c method=java.util.HashMap.put(Ljava/lang/Object;Ljava/lang/Object;)Ljava/lang/Object; @ 105
Event: 3.204 Thread 0xb6208000 Uncommon trap: reason=null_assert action=make_not_entrant pc=0xb3309d3c method=org.joni.Analyser.optimizeNodeLeft(Lorg/joni/ast/Node;Lorg/joni/NodeOptInfo;Lorg/joni/OptEnvironment;)V @ 469
Event: 3.260 Thread 0xb6208000 Uncommon trap: reason=unreached action=reinterpret pc=0xb32e23ac method=org.joni.ByteCodeMachine.opFail()V @ 4
Event: 3.739 Thread 0xb6208000 Uncommon trap: reason=class_check action=maybe_recompile pc=0xb324cff0 method=java.util.Properties$LineReader.readLine()I @ 62
Event: 3.740 Thread 0xb6208000 Uncommon trap: reason=class_check action=maybe_recompile pc=0xb324cff0 method=java.util.Properties$LineReader.readLine()I @ 62
Event: 58.965 Thread 0xb6208000 Uncommon trap: reason=class_check action=maybe_recompile pc=0xb324cff0 method=java.util.Properties$LineReader.readLine()I @ 62
Event: 59.279 Thread 0xb6208000 Uncommon trap: reason=class_check action=maybe_recompile pc=0xb324cff0 method=java.util.Properties$LineReader.readLine()I @ 62
Event: 59.688 Thread 0xb6208000 Uncommon trap: reason=unreached action=reinterpret pc=0xb32e0290 method=java.util.HashMap.get(Ljava/lang/Object;)Ljava/lang/Object; @ 1
Event: 59.688 Thread 0xb6208000 Uncommon trap: reason=unreached action=reinterpret pc=0xb3333108 method=java.util.HashMap.put(Ljava/lang/Object;Ljava/lang/Object;)Ljava/lang/Object; @ 19

Internal exceptions (10 events):
Event: 58.862 Thread 0x87570800 Threw 0xa8e2c080 at /build/buildd/openjdk-7-7u55-2.4.7/build/openjdk/hotspot/src/share/vm/prims/jvm.cpp:1244
Event: 58.862 Thread 0x87570800 Threw 0xa8e2d058 at /build/buildd/openjdk-7-7u55-2.4.7/build/openjdk/hotspot/src/share/vm/prims/jvm.cpp:1244
Event: 58.870 Thread 0xb6208000 Threw 0xa8f55478 at /build/buildd/openjdk-7-7u55-2.4.7/build/openjdk/hotspot/src/share/vm/prims/jvm.cpp:1244
Event: 58.870 Thread 0xb6208000 Threw 0xa8f56838 at /build/buildd/openjdk-7-7u55-2.4.7/build/openjdk/hotspot/src/share/vm/prims/jvm.cpp:1244
Event: 58.870 Thread 0xb6208000 Threw 0xa8f575d0 at /build/buildd/openjdk-7-7u55-2.4.7/build/openjdk/hotspot/src/share/vm/prims/jvm.cpp:1244
Event: 58.965 Thread 0xb6208000 Threw 0xa8f63db0 at /build/buildd/openjdk-7-7u55-2.4.7/build/openjdk/hotspot/src/share/vm/prims/jni.cpp:717
Event: 59.409 Thread 0xb6208000 Threw 0xa9240f90 at /build/buildd/openjdk-7-7u55-2.4.7/build/openjdk/hotspot/src/share/vm/classfile/systemDictionary.cpp:185
Event: 59.688 Thread 0xb6208000 Implicit null exception at 0xb32e013e to 0xb32e027d
Event: 59.688 Thread 0xb6208000 Implicit null exception at 0xb333298a to 0xb33330f9
Event: 60.665 Thread 0x8859f000 Threw 0xa95ddb90 at /build/buildd/openjdk-7-7u55-2.4.7/build/openjdk/hotspot/src/share/vm/prims/jni.cpp:743

Events (10 events):
Event: 444.639 Thread 0x875b6400 Thread exited: 0x875b6400
Event: 1823.697 Thread 0x89aa0000 flushing nmethod 0xb3303dc8
Event: 2986.035 Executing VM operation: RevokeBias
Event: 2986.035 Executing VM operation: RevokeBias done
Event: 2986.036 loading class 0x88398e50
Event: 2986.036 loading class 0x88398e50 done
Event: 2986.036 Executing VM operation: RevokeBias
Event: 2986.036 Executing VM operation: RevokeBias done
Event: 2986.036 Executing VM operation: RevokeBias
Event: 2986.036 Executing VM operation: RevokeBias done


Dynamic libraries:
08048000-08049000 r-xp 00000000 08:05 3423398    /usr/lib/jvm/java-7-openjdk-i386/jre/bin/java
08049000-0804a000 r--p 00000000 08:05 3423398    /usr/lib/jvm/java-7-openjdk-i386/jre/bin/java
0804a000-0804b000 rw-p 00001000 08:05 3423398    /usr/lib/jvm/java-7-openjdk-i386/jre/bin/java
088aa000-0893e000 rw-p 00000000 00:00 0          [heap]
85634000-85637000 ---p 00000000 00:00 0 
85637000-85835000 rw-p 00000000 00:00 0 
85835000-85838000 ---p 00000000 00:00 0 
85838000-85a36000 rw-p 00000000 00:00 0 
85a36000-85a39000 ---p 00000000 00:00 0 
85a39000-85c37000 rw-p 00000000 00:00 0 
85c37000-85c3a000 ---p 00000000 00:00 0 
85c3a000-85e38000 rw-p 00000000 00:00 0          [stack:9561]
85e38000-85e3b000 ---p 00000000 00:00 0 
85e3b000-86039000 rw-p 00000000 00:00 0          [stack:9560]
86039000-86158000 r-xp 00000000 08:05 3286269    /usr/lib/i386-linux-gnu/libcairo.so.2.11301.0
86158000-8615a000 r--p 0011e000 08:05 3286269    /usr/lib/i386-linux-gnu/libcairo.so.2.11301.0
8615a000-8615b000 rw-p 00120000 08:05 3286269    /usr/lib/i386-linux-gnu/libcairo.so.2.11301.0
8615b000-8615c000 rw-p 00000000 00:00 0 
8615c000-865c3000 r-xp 00000000 08:05 3290003    /usr/lib/i386-linux-gnu/libgtk-x11-2.0.so.0.2400.23
865c3000-865c7000 r--p 00466000 08:05 3290003    /usr/lib/i386-linux-gnu/libgtk-x11-2.0.so.0.2400.23
865c7000-865c9000 rw-p 0046a000 08:05 3290003    /usr/lib/i386-linux-gnu/libgtk-x11-2.0.so.0.2400.23
865c9000-865cb000 rw-p 00000000 00:00 0 
865cb000-866fb000 r-xp 00000000 08:05 3293108    /usr/lib/i386-linux-gnu/libX11.so.6.3.0
866fb000-866fc000 r--p 00130000 08:05 3293108    /usr/lib/i386-linux-gnu/libX11.so.6.3.0
866fc000-866fe000 rw-p 00131000 08:05 3293108    /usr/lib/i386-linux-gnu/libX11.so.6.3.0
866fe000-866ff000 rw-p 00000000 00:00 0 
866ff000-86702000 ---p 00000000 00:00 0 
86702000-86900000 rw-p 00000000 00:00 0          [stack:9484]
86900000-86967000 rw-p 00000000 00:00 0 
86967000-86a00000 ---p 00000000 00:00 0 
86a00000-86a29000 rw-p 00000000 00:00 0 
86a29000-86b00000 ---p 00000000 00:00 0 
86b00000-86bc2000 rw-p 00000000 00:00 0 
86bc2000-86c00000 ---p 00000000 00:00 0 
86c95000-86c9f000 r--s 00000000 08:05 2388604    /var/cache/fontconfig/6aa41aa22e18b8fa06a12da28ea9c28b-le32d4.cache-4
86c9f000-86ca7000 r--s 00000000 08:05 2364006    /var/cache/fontconfig/945677eb7aeaf62f1d50efc3fb3ec7d8-le32d4.cache-4
86ca7000-86cad000 r--s 00000000 08:05 2420304    /var/cache/fontconfig/a6d8cf8e4ec09cdbc8633c31745a07dd-le32d4.cache-4
86cad000-86cb1000 r--s 00000000 08:05 2420266    /var/cache/fontconfig/2cd17615ca594fa2959ae173292e504c-le32d4.cache-4
86cb1000-86cb6000 r--s 00000000 08:05 2420249    /var/cache/fontconfig/a755afe4a08bf5b97852ceb7400b47bc-le32d4.cache-4
86cb6000-86cb9000 r--s 00000000 08:05 2420209    /var/cache/fontconfig/6d41288fd70b0be22e8c3a91e032eec0-le32d4.cache-4
86cb9000-86cc8000 r--s 00000000 08:05 2420207    /var/cache/fontconfig/04aabc0a78ac019cf9454389977116d2-le32d4.cache-4
86cc8000-86ccc000 r--s 00000000 08:05 2385631    /var/cache/fontconfig/8801497958630a81b71ace7c5f9b32a8-le32d4.cache-4
86ccc000-86cfb000 r--s 00000000 08:05 2385628    /var/cache/fontconfig/365b55f210c0a22e9a19e35191240f32-le32d4.cache-4
86cfb000-86d00000 r--s 00000000 08:05 2385595    /var/cache/fontconfig/3047814df9a2f067bd2d96a2b9c36e5a-le32d4.cache-4
86d00000-86def000 rw-p 00000000 00:00 0 
86def000-86e00000 ---p 00000000 00:00 0 
86e00000-86e07000 r--s 00000000 08:05 2385576    /var/cache/fontconfig/52f7bdb7ce746bfd7eaa1985bd9cfa93-le32d4.cache-4
86e07000-86e17000 r--s 00000000 08:05 2385573    /var/cache/fontconfig/d52a8644073d54c13679302ca1180695-le32d4.cache-4
86e17000-86e1e000 r--s 00000000 08:05 2383548    /var/cache/fontconfig/3f7329c5293ffd510edef78f73874cfd-le32d4.cache-4
86e1e000-86e2f000 r--s 00000000 08:05 2388606    /var/cache/fontconfig/e13b20fdb08344e0e664864cc2ede53d-le32d4.cache-4
86e2f000-86e45000 r--s 00000000 08:05 2367254    /var/cache/fontconfig/467c019e582ee353435ea5c21d137ef6-le32d4.cache-4
86e45000-86e94000 r-xp 00000000 08:05 3423267    /usr/lib/jvm/java-7-openjdk-i386/jre/lib/i386/libfontmanager.so
86e94000-86e96000 r--p 0004e000 08:05 3423267    /usr/lib/jvm/java-7-openjdk-i386/jre/lib/i386/libfontmanager.so
86e96000-86e97000 rw-p 00050000 08:05 3423267    /usr/lib/jvm/java-7-openjdk-i386/jre/lib/i386/libfontmanager.so
86e97000-86eb1000 r-xp 00000000 08:05 3288885    /usr/lib/i386-linux-gnu/libgraphite2.so.3.0.1
86eb1000-86eb2000 r--p 00019000 08:05 3288885    /usr/lib/i386-linux-gnu/libgraphite2.so.3.0.1
86eb2000-86eb3000 rw-p 0001a000 08:05 3288885    /usr/lib/i386-linux-gnu/libgraphite2.so.3.0.1
86eb3000-86efc000 r-xp 00000000 08:05 1839649    /lib/i386-linux-gnu/libdbus-1.so.3.7.6
86efc000-86efd000 r--p 00048000 08:05 1839649    /lib/i386-linux-gnu/libdbus-1.so.3.7.6
86efd000-86efe000 rw-p 00049000 08:05 1839649    /lib/i386-linux-gnu/libdbus-1.so.3.7.6
86efe000-86f01000 ---p 00000000 00:00 0 
86f01000-870ff000 rw-p 00000000 00:00 0          [stack:9476]
870ff000-87102000 ---p 00000000 00:00 0 
87102000-87300000 rw-p 00000000 00:00 0          [stack:9475]
87300000-873fb000 rw-p 00000000 00:00 0 
873fb000-87400000 ---p 00000000 00:00 0 
87402000-87406000 r--s 00000000 08:05 2385582    /var/cache/fontconfig/b47c4e1ecd0709278f4910c18777a504-le32d4.cache-4
87406000-8743d000 r-xp 00000000 08:05 3283244    /usr/lib/i386-linux-gnu/libp11-kit.so.0.0.0
8743d000-8743e000 ---p 00037000 08:05 3283244    /usr/lib/i386-linux-gnu/libp11-kit.so.0.0.0
8743e000-87441000 r--p 00037000 08:05 3283244    /usr/lib/i386-linux-gnu/libp11-kit.so.0.0.0
87441000-87442000 rw-p 0003a000 08:05 3283244    /usr/lib/i386-linux-gnu/libp11-kit.so.0.0.0
87442000-874f9000 r-xp 00000000 08:05 3288959    /usr/lib/i386-linux-gnu/libkrb5.so.3.3
874f9000-874ff000 r--p 000b7000 08:05 3288959    /usr/lib/i386-linux-gnu/libkrb5.so.3.3
874ff000-87500000 rw-p 000bd000 08:05 3288959    /usr/lib/i386-linux-gnu/libkrb5.so.3.3
87500000-875f9000 rw-p 00000000 00:00 0 
875f9000-87600000 ---p 00000000 00:00 0 
87600000-87602000 r--s 00000000 08:05 2420311    /var/cache/fontconfig/99e8ed0e538f840c565b6ed5dad60d56-le32d4.cache-4
87602000-8760b000 r--s 00000000 08:05 2383536    /var/cache/fontconfig/d589a48862398ed80a3d6066f4f56f4c-le32d4.cache-4
8760b000-8760e000 r-xp 00000000 08:05 1839580    /lib/i386-linux-gnu/libgpg-error.so.0.10.0
8760e000-8760f000 r--p 00002000 08:05 1839580    /lib/i386-linux-gnu/libgpg-error.so.0.10.0
8760f000-87610000 rw-p 00003000 08:05 1839580    /lib/i386-linux-gnu/libgpg-error.so.0.10.0
87610000-87622000 r-xp 00000000 08:05 3379913    /usr/lib/i386-linux-gnu/libtasn1.so.6.2.0
87622000-87623000 r--p 00011000 08:05 3379913    /usr/lib/i386-linux-gnu/libtasn1.so.6.2.0
87623000-87624000 rw-p 00012000 08:05 3379913    /usr/lib/i386-linux-gnu/libtasn1.so.6.2.0
87624000-876a6000 r-xp 00000000 08:05 1839571    /lib/i386-linux-gnu/libgcrypt.so.11.8.2
876a6000-876a7000 r--p 00081000 08:05 1839571    /lib/i386-linux-gnu/libgcrypt.so.11.8.2
876a7000-876a9000 rw-p 00082000 08:05 1839571    /lib/i386-linux-gnu/libgcrypt.so.11.8.2
876a9000-876aa000 rw-p 00000000 00:00 0 
876aa000-876fe000 r-xp 00000000 08:05 3286349    /usr/lib/i386-linux-gnu/libharfbuzz.so.0.927.0
876fe000-876ff000 r--p 00054000 08:05 3286349    /usr/lib/i386-linux-gnu/libharfbuzz.so.0.927.0
876ff000-87700000 rw-p 00055000 08:05 3286349    /usr/lib/i386-linux-gnu/libharfbuzz.so.0.927.0
87700000-87800000 rw-p 00000000 00:00 0 
87800000-87803000 r--s 00000000 08:05 2420055    /var/cache/fontconfig/385c0604a188198f04d133e54aba7fe7-le32d4.cache-4
87803000-87805000 r-xp 00000000 08:05 1839547    /lib/i386-linux-gnu/libkeyutils.so.1.4
87805000-87806000 r--p 00002000 08:05 1839547    /lib/i386-linux-gnu/libkeyutils.so.1.4
87806000-87807000 rw-p 00003000 08:05 1839547    /lib/i386-linux-gnu/libkeyutils.so.1.4
87807000-87811000 r-xp 00000000 08:05 3289124    /usr/lib/i386-linux-gnu/libkrb5support.so.0.1
87811000-87812000 r--p 00009000 08:05 3289124    /usr/lib/i386-linux-gnu/libkrb5support.so.0.1
87812000-87813000 rw-p 0000a000 08:05 3289124    /usr/lib/i386-linux-gnu/libkrb5support.so.0.1
87813000-87841000 r-xp 00000000 08:05 3286472    /usr/lib/i386-linux-gnu/libk5crypto.so.3.1
87841000-87842000 r--p 0002d000 08:05 3286472    /usr/lib/i386-linux-gnu/libk5crypto.so.3.1
87842000-87843000 rw-p 0002e000 08:05 3286472    /usr/lib/i386-linux-gnu/libk5crypto.so.3.1
87843000-8784a000 r-xp 00000000 08:05 3288575    /usr/lib/i386-linux-gnu/libdatrie.so.1.3.1
8784a000-8784b000 r--p 00006000 08:05 3288575    /usr/lib/i386-linux-gnu/libdatrie.so.1.3.1
8784b000-8784c000 rw-p 00007000 08:05 3288575    /usr/lib/i386-linux-gnu/libdatrie.so.1.3.1
8784c000-87854000 r-xp 00000000 08:05 3285768    /usr/lib/i386-linux-gnu/libxcb-render.so.0.0.0
87854000-87855000 r--p 00008000 08:05 3285768    /usr/lib/i386-linux-gnu/libxcb-render.so.0.0.0
87855000-87856000 rw-p 00009000 08:05 3285768    /usr/lib/i386-linux-gnu/libxcb-render.so.0.0.0
87856000-878fa000 r-xp 00000000 08:05 3285763    /usr/lib/i386-linux-gnu/libpixman-1.so.0.30.2
878fa000-878ff000 r--p 000a4000 08:05 3285763    /usr/lib/i386-linux-gnu/libpixman-1.so.0.30.2
878ff000-87900000 rw-p 000a9000 08:05 3285763    /usr/lib/i386-linux-gnu/libpixman-1.so.0.30.2
87900000-879db000 rw-p 00000000 00:00 0 
879db000-87a00000 ---p 00000000 00:00 0 
87a00000-87a26000 r-xp 00000000 08:05 1839560    /lib/i386-linux-gnu/libpng12.so.0.50.0
87a26000-87a27000 r--p 00025000 08:05 1839560    /lib/i386-linux-gnu/libpng12.so.0.50.0
87a27000-87a28000 rw-p 00026000 08:05 1839560    /lib/i386-linux-gnu/libpng12.so.0.50.0
87a28000-87a38000 r-xp 00000000 08:05 3288733    /usr/lib/i386-linux-gnu/libavahi-client.so.3.2.9
87a38000-87a39000 r--p 0000f000 08:05 3288733    /usr/lib/i386-linux-gnu/libavahi-client.so.3.2.9
87a39000-87a3a000 rw-p 00010000 08:05 3288733    /usr/lib/i386-linux-gnu/libavahi-client.so.3.2.9
87a3a000-87afb000 r-xp 00000000 08:05 3289424    /usr/lib/i386-linux-gnu/libgnutls.so.26.22.6
87afb000-87aff000 r--p 000c0000 08:05 3289424    /usr/lib/i386-linux-gnu/libgnutls.so.26.22.6
87aff000-87b00000 rw-p 000c4000 08:05 3289424    /usr/lib/i386-linux-gnu/libgnutls.so.26.22.6
87b00000-87bfd000 rw-p 00000000 00:00 0 
87bfd000-87c00000 ---p 00000000 00:00 0 
87c00000-87c01000 r--s 00000000 08:05 2420324    /var/cache/fontconfig/c05880de57d1f5e948fdfacc138775d9-le32d4.cache-4
87c01000-87c04000 r-xp 00000000 08:05 1839567    /lib/i386-linux-gnu/libcom_err.so.2.1
87c04000-87c05000 r--p 00002000 08:05 1839567    /lib/i386-linux-gnu/libcom_err.so.2.1
87c05000-87c06000 rw-p 00003000 08:05 1839567    /lib/i386-linux-gnu/libcom_err.so.2.1
87c06000-87c0b000 r-xp 00000000 08:05 3288568    /usr/lib/i386-linux-gnu/libXdmcp.so.6.0.0
87c0b000-87c0c000 r--p 00004000 08:05 3288568    /usr/lib/i386-linux-gnu/libXdmcp.so.6.0.0
87c0c000-87c0d000 rw-p 00005000 08:05 3288568    /usr/lib/i386-linux-gnu/libXdmcp.so.6.0.0
87c0d000-87c19000 r-xp 00000000 08:05 3283622    /usr/lib/i386-linux-gnu/libavahi-common.so.3.5.3
87c19000-87c1a000 r--p 0000b000 08:05 3283622    /usr/lib/i386-linux-gnu/libavahi-common.so.3.5.3
87c1a000-87c1b000 rw-p 0000c000 08:05 3283622    /usr/lib/i386-linux-gnu/libavahi-common.so.3.5.3
87c1b000-87c5e000 r-xp 00000000 08:05 3289120    /usr/lib/i386-linux-gnu/libgssapi_krb5.so.2.2
87c5e000-87c5f000 r--p 00042000 08:05 3289120    /usr/lib/i386-linux-gnu/libgssapi_krb5.so.2.2
87c5f000-87c60000 rw-p 00043000 08:05 3289120    /usr/lib/i386-linux-gnu/libgssapi_krb5.so.2.2
87c60000-87cfa000 r-xp 00000000 08:05 3285750    /usr/lib/i386-linux-gnu/libfreetype.so.6.11.1
87cfa000-87cfb000 ---p 0009a000 08:05 3285750    /usr/lib/i386-linux-gnu/libfreetype.so.6.11.1
87cfb000-87cff000 r--p 0009a000 08:05 3285750    /usr/lib/i386-linux-gnu/libfreetype.so.6.11.1
87cff000-87d00000 rw-p 0009e000 08:05 3285750    /usr/lib/i386-linux-gnu/libfreetype.so.6.11.1
87d00000-87df9000 rw-p 00000000 00:00 0 
87df9000-87e00000 ---p 00000000 00:00 0 
87e00000-87e01000 r--s 00000000 08:05 2420263    /var/cache/fontconfig/e7071f4a29fa870f4323321c154eba04-le32d4.cache-4
87e01000-87e02000 r--s 00000000 08:05 2420261    /var/cache/fontconfig/0d8c3b2ac0904cb8a57a757ad11a4a08-le32d4.cache-4
87e02000-87e04000 r-xp 00000000 08:05 3285770    /usr/lib/i386-linux-gnu/libxcb-shm.so.0.0.0
87e04000-87e05000 r--p 00001000 08:05 3285770    /usr/lib/i386-linux-gnu/libxcb-shm.so.0.0.0
87e05000-87e06000 rw-p 00002000 08:05 3285770    /usr/lib/i386-linux-gnu/libxcb-shm.so.0.0.0
87e06000-87e08000 r-xp 00000000 08:05 3288557    /usr/lib/i386-linux-gnu/libXau.so.6.0.0
87e08000-87e09000 r--p 00001000 08:05 3288557    /usr/lib/i386-linux-gnu/libXau.so.6.0.0
87e09000-87e0a000 rw-p 00002000 08:05 3288557    /usr/lib/i386-linux-gnu/libXau.so.6.0.0
87e0a000-87e2f000 r-xp 00000000 08:05 1839588    /lib/i386-linux-gnu/libexpat.so.1.6.0
87e2f000-87e30000 ---p 00025000 08:05 1839588    /lib/i386-linux-gnu/libexpat.so.1.6.0
87e30000-87e32000 r--p 00025000 08:05 1839588    /lib/i386-linux-gnu/libexpat.so.1.6.0
87e32000-87e33000 rw-p 00027000 08:05 1839588    /lib/i386-linux-gnu/libexpat.so.1.6.0
87e33000-87e3b000 r-xp 00000000 08:05 3288745    /usr/lib/i386-linux-gnu/libthai.so.0.2.0
87e3b000-87e3c000 r--p 00007000 08:05 3288745    /usr/lib/i386-linux-gnu/libthai.so.0.2.0
87e3c000-87e3d000 rw-p 00008000 08:05 3288745    /usr/lib/i386-linux-gnu/libthai.so.0.2.0
87e3d000-87e3f000 r-xp 00000000 08:05 3288566    /usr/lib/i386-linux-gnu/libXdamage.so.1.1.0
87e3f000-87e40000 r--p 00001000 08:05 3288566    /usr/lib/i386-linux-gnu/libXdamage.so.1.1.0
87e40000-87e41000 rw-p 00002000 08:05 3288566    /usr/lib/i386-linux-gnu/libXdamage.so.1.1.0
87e41000-87e43000 r-xp 00000000 08:05 3288562    /usr/lib/i386-linux-gnu/libXcomposite.so.1.0.0
87e43000-87e44000 r--p 00001000 08:05 3288562    /usr/lib/i386-linux-gnu/libXcomposite.so.1.0.0
87e44000-87e45000 rw-p 00002000 08:05 3288562    /usr/lib/i386-linux-gnu/libXcomposite.so.1.0.0
87e45000-87e4e000 r-xp 00000000 08:05 3288564    /usr/lib/i386-linux-gnu/libXcursor.so.1.0.2
87e4e000-87e4f000 r--p 00008000 08:05 3288564    /usr/lib/i386-linux-gnu/libXcursor.so.1.0.2
87e4f000-87e50000 rw-p 00009000 08:05 3288564    /usr/lib/i386-linux-gnu/libXcursor.so.1.0.2
87e50000-87e6e000 r-xp 00000000 08:05 3289463    /usr/lib/i386-linux-gnu/libatk-1.0.so.0.21009.1
87e6e000-87e70000 r--p 0001d000 08:05 3289463    /usr/lib/i386-linux-gnu/libatk-1.0.so.0.21009.1
87e70000-87e71000 rw-p 0001f000 08:05 3289463    /usr/lib/i386-linux-gnu/libatk-1.0.so.0.21009.1
87e71000-87e91000 r-xp 00000000 08:05 3293106    /usr/lib/i386-linux-gnu/libxcb.so.1.1.0
87e91000-87e92000 r--p 0001f000 08:05 3293106    /usr/lib/i386-linux-gnu/libxcb.so.1.1.0
87e92000-87e93000 rw-p 00020000 08:05 3293106    /usr/lib/i386-linux-gnu/libxcb.so.1.1.0
87e93000-87efa000 r-xp 00000000 08:05 3283558    /usr/lib/i386-linux-gnu/libcups.so.2
87efa000-87efb000 ---p 00067000 08:05 3283558    /usr/lib/i386-linux-gnu/libcups.so.2
87efb000-87eff000 r--p 00067000 08:05 3283558    /usr/lib/i386-linux-gnu/libcups.so.2
87eff000-87f00000 rw-p 0006b000 08:05 3283558    /usr/lib/i386-linux-gnu/libcups.so.2
87f00000-87ffd000 rw-p 00000000 00:00 0 
87ffd000-88000000 ---p 00000000 00:00 0 
88000000-880f2000 rw-p 00000000 00:00 0 
880f2000-88100000 ---p 00000000 00:00 0 
88100000-881fa000 rw-p 00000000 00:00 0 
881fa000-88200000 ---p 00000000 00:00 0 
88200000-88214000 r-xp 00000000 08:05 3286351    /usr/lib/i386-linux-gnu/libpangoft2-1.0.so.0.3600.3
88214000-88215000 r--p 00013000 08:05 3286351    /usr/lib/i386-linux-gnu/libpangoft2-1.0.so.0.3600.3
88215000-88216000 rw-p 00014000 08:05 3286351    /usr/lib/i386-linux-gnu/libpangoft2-1.0.so.0.3600.3
88216000-8824f000 r-xp 00000000 08:05 3285743    /usr/lib/i386-linux-gnu/libfontconfig.so.1.8.0
8824f000-88250000 r--p 00039000 08:05 3285743    /usr/lib/i386-linux-gnu/libfontconfig.so.1.8.0
88250000-88251000 rw-p 0003a000 08:05 3285743    /usr/lib/i386-linux-gnu/libfontconfig.so.1.8.0
88251000-882fc000 r-xp 00000000 08:05 3285759    /usr/lib/i386-linux-gnu/libgdk-x11-2.0.so.0.2400.23
882fc000-882fd000 ---p 000ab000 08:05 3285759    /usr/lib/i386-linux-gnu/libgdk-x11-2.0.so.0.2400.23
882fd000-882ff000 r--p 000ab000 08:05 3285759    /usr/lib/i386-linux-gnu/libgdk-x11-2.0.so.0.2400.23
882ff000-88300000 rw-p 000ad000 08:05 3285759    /usr/lib/i386-linux-gnu/libgdk-x11-2.0.so.0.2400.23
88300000-88400000 rw-p 00000000 00:00 0 
88400000-884ff000 rw-p 00000000 00:00 0 
884ff000-88500000 ---p 00000000 00:00 0 
88500000-885fd000 rw-p 00000000 00:00 0 
885fd000-88600000 ---p 00000000 00:00 0 
88600000-88601000 r--s 00000000 08:05 2420198    /var/cache/fontconfig/1ac9eb803944fde146138c791f5cc56a-le32d4.cache-4
88601000-88603000 r--s 00000000 08:05 2416277    /var/cache/fontconfig/767a8244fc0220cfb567a839d0392e0b-le32d4.cache-4
88603000-8864d000 r-xp 00000000 08:05 3289239    /usr/lib/i386-linux-gnu/libpango-1.0.so.0.3600.3
8864d000-8864e000 ---p 0004a000 08:05 3289239    /usr/lib/i386-linux-gnu/libpango-1.0.so.0.3600.3
8864e000-8864f000 r--p 0004a000 08:05 3289239    /usr/lib/i386-linux-gnu/libpango-1.0.so.0.3600.3
8864f000-88650000 rw-p 0004b000 08:05 3289239    /usr/lib/i386-linux-gnu/libpango-1.0.so.0.3600.3
88650000-88671000 r-xp 00000000 08:05 3307855    /usr/lib/i386-linux-gnu/libgdk_pixbuf-2.0.so.0.3000.7
88671000-88672000 r--p 00020000 08:05 3307855    /usr/lib/i386-linux-gnu/libgdk_pixbuf-2.0.so.0.3000.7
88672000-88673000 rw-p 00021000 08:05 3307855    /usr/lib/i386-linux-gnu/libgdk_pixbuf-2.0.so.0.3000.7
88673000-8877d000 r-xp 00000000 08:05 1839733    /lib/i386-linux-gnu/libglib-2.0.so.0.4000.0
8877d000-8877e000 r--p 00109000 08:05 1839733    /lib/i386-linux-gnu/libglib-2.0.so.0.4000.0
8877e000-8877f000 rw-p 0010a000 08:05 1839733    /lib/i386-linux-gnu/libglib-2.0.so.0.4000.0
8877f000-888fc000 r-xp 00000000 08:05 3292775    /usr/lib/i386-linux-gnu/libgio-2.0.so.0.4000.0
888fc000-888fe000 r--p 0017c000 08:05 3292775    /usr/lib/i386-linux-gnu/libgio-2.0.so.0.4000.0
888fe000-888ff000 rw-p 0017e000 08:05 3292775    /usr/lib/i386-linux-gnu/libgio-2.0.so.0.4000.0
888ff000-88900000 rw-p 00000000 00:00 0 
88900000-889fd000 rw-p 00000000 00:00 0 
889fd000-88a00000 ---p 00000000 00:00 0 
88a00000-88a09000 r-xp 00000000 08:05 3284364    /usr/lib/i386-linux-gnu/libXrandr.so.2.2.0
88a09000-88a0a000 r--p 00008000 08:05 3284364    /usr/lib/i386-linux-gnu/libXrandr.so.2.2.0
88a0a000-88a0b000 rw-p 00009000 08:05 3284364    /usr/lib/i386-linux-gnu/libXrandr.so.2.2.0
88a0b000-88a0d000 r-xp 00000000 08:05 3288580    /usr/lib/i386-linux-gnu/libXinerama.so.1.0.0
88a0d000-88a0e000 r--p 00001000 08:05 3288580    /usr/lib/i386-linux-gnu/libXinerama.so.1.0.0
88a0e000-88a0f000 rw-p 00002000 08:05 3288580    /usr/lib/i386-linux-gnu/libXinerama.so.1.0.0
88a0f000-88a1a000 r-xp 00000000 08:05 3283390    /usr/lib/i386-linux-gnu/libpangocairo-1.0.so.0.3600.3
88a1a000-88a1b000 r--p 0000a000 08:05 3283390    /usr/lib/i386-linux-gnu/libpangocairo-1.0.so.0.3600.3
88a1b000-88a1c000 rw-p 0000b000 08:05 3283390    /usr/lib/i386-linux-gnu/libpangocairo-1.0.so.0.3600.3
88a1c000-88a2b000 r-xp 00000000 08:05 3288578    /usr/lib/i386-linux-gnu/libXi.so.6.1.0
88a2b000-88a2c000 r--p 0000e000 08:05 3288578    /usr/lib/i386-linux-gnu/libXi.so.6.1.0
88a2c000-88a2d000 rw-p 0000f000 08:05 3288578    /usr/lib/i386-linux-gnu/libXi.so.6.1.0
88a2d000-88a3e000 r-xp 00000000 08:05 3288570    /usr/lib/i386-linux-gnu/libXext.so.6.4.0
88a3e000-88a3f000 r--p 00010000 08:05 3288570    /usr/lib/i386-linux-gnu/libXext.so.6.4.0
88a3f000-88a40000 rw-p 00011000 08:05 3288570    /usr/lib/i386-linux-gnu/libXext.so.6.4.0
88a40000-88acf000 r-xp 00000000 08:05 3423383    /usr/lib/jvm/java-7-openjdk-i386/jre/lib/i386/libawt.so
88acf000-88ad0000 r--p 0008e000 08:05 3423383    /usr/lib/jvm/java-7-openjdk-i386/jre/lib/i386/libawt.so
88ad0000-88ad7000 rw-p 0008f000 08:05 3423383    /usr/lib/jvm/java-7-openjdk-i386/jre/lib/i386/libawt.so
88ad7000-88afb000 rw-p 00000000 00:00 0 
88afb000-88afc000 ---p 00000000 00:00 0 
88afc000-88b7c000 rw-p 00000000 00:00 0          [stack:9474]
88b7c000-88b7f000 ---p 00000000 00:00 0 
88b7f000-88d7d000 rw-p 00000000 00:00 0          [stack:9473]
88d7d000-88d80000 ---p 00000000 00:00 0 
88d80000-88dfe000 rw-p 00000000 00:00 0          [stack:9472]
88dfe000-88e01000 ---p 00000000 00:00 0 
88e01000-88fff000 rw-p 00000000 00:00 0          [stack:9470]
88fff000-891ff000 r--p 00000000 08:05 3290023    /usr/lib/locale/locale-archive
891ff000-89202000 ---p 00000000 00:00 0 
89202000-89400000 rw-p 00000000 00:00 0          [stack:9469]
89400000-89421000 rw-p 00000000 00:00 0 
89421000-89500000 ---p 00000000 00:00 0 
89500000-89501000 r--s 00000000 08:05 2416279    /var/cache/fontconfig/dc05db6664285cc2f12bf69c139ae4c3-le32d4.cache-4
89501000-89505000 r-xp 00000000 08:05 3288572    /usr/lib/i386-linux-gnu/libXfixes.so.3.1.0
89505000-89506000 r--p 00003000 08:05 3288572    /usr/lib/i386-linux-gnu/libXfixes.so.3.1.0
89506000-89507000 rw-p 00004000 08:05 3288572    /usr/lib/i386-linux-gnu/libXfixes.so.3.1.0
89507000-8950c000 r-xp 00000000 08:05 3288596    /usr/lib/i386-linux-gnu/libXtst.so.6.1.0
8950c000-8950d000 r--p 00004000 08:05 3288596    /usr/lib/i386-linux-gnu/libXtst.so.6.1.0
8950d000-8950e000 rw-p 00005000 08:05 3288596    /usr/lib/i386-linux-gnu/libXtst.so.6.1.0
8950e000-8950f000 r--s 00000000 08:05 2416272    /var/cache/fontconfig/4794a0821666d79190d59a36cb4f44b5-le32d4.cache-4
8950f000-89510000 r--s 00000000 08:05 2385594    /var/cache/fontconfig/56cf4f4769d0f4abc89a4895d7bd3ae1-le32d4.cache-4
89510000-89511000 r--s 00000000 08:05 2385584    /var/cache/fontconfig/b9d506c9ac06c20b433354fa67a72993-le32d4.cache-4
89511000-89512000 r--s 00000000 08:05 2383534    /var/cache/fontconfig/0c9eb80ebd1c36541ebe2852d3bb0c49-le32d4.cache-4
89512000-89515000 r--s 00000000 08:05 2363981    /var/cache/fontconfig/7ef2298fde41cc6eeb7af42e48b7d293-le32d4.cache-4
89515000-89516000 r--s 00000000 08:05 2388434    /var/cache/fontconfig/16326683038b281783a0ef8c680e3a10-le32d4.cache-4
89516000-89520000 r--s 00000000 08:05 2388429    /var/cache/fontconfig/8f02d4cb045bd6ce15663e43f347c9f8-le32d4.cache-4
89520000-89529000 r--s 000b9000 08:05 3423254    /usr/lib/jvm/java-7-openjdk-i386/jre/lib/resources.jar
89529000-8957a000 r-xp 00000000 08:05 3421816    /usr/lib/jvm/java-7-openjdk-i386/jre/lib/i386/xawt/libmawt.so
8957a000-8957b000 r--p 00050000 08:05 3421816    /usr/lib/jvm/java-7-openjdk-i386/jre/lib/i386/xawt/libmawt.so
8957b000-8957d000 rw-p 00051000 08:05 3421816    /usr/lib/jvm/java-7-openjdk-i386/jre/lib/i386/xawt/libmawt.so
8957d000-8957e000 rw-p 00000000 00:00 0 
8957e000-89581000 ---p 00000000 00:00 0 
89581000-895ff000 rw-p 00000000 00:00 0          [stack:9471]
895ff000-89602000 ---p 00000000 00:00 0 
89602000-89800000 rw-p 00000000 00:00 0          [stack:9468]
89800000-898fa000 rw-p 00000000 00:00 0 
898fa000-89900000 ---p 00000000 00:00 0 
89900000-89901000 r--s 00000000 08:05 2382916    /var/cache/fontconfig/e0aa53bcfa504e64f87823c16bc01eb6-le32d4.cache-4
89901000-89902000 r--s 00000000 08:05 132180     /home/dmitry/.cache/fontconfig/532df2c2cbaa5ef90f29bdef6c5255cc-le32d4.cache-4
89902000-89903000 r-xp 00000000 08:05 3292831    /usr/lib/i386-linux-gnu/libgthread-2.0.so.0.4000.0
89903000-89904000 r--p 00000000 08:05 3292831    /usr/lib/i386-linux-gnu/libgthread-2.0.so.0.4000.0
89904000-89905000 rw-p 00001000 08:05 3292831    /usr/lib/i386-linux-gnu/libgthread-2.0.so.0.4000.0
89905000-8990e000 r-xp 00000000 08:05 3288592    /usr/lib/i386-linux-gnu/libXrender.so.1.3.0
8990e000-8990f000 r--p 00008000 08:05 3288592    /usr/lib/i386-linux-gnu/libXrender.so.1.3.0
8990f000-89910000 rw-p 00009000 08:05 3288592    /usr/lib/i386-linux-gnu/libXrender.so.1.3.0
89910000-89913000 ---p 00000000 00:00 0 
89913000-89929000 rw-p 00000000 00:00 0 
89929000-89930000 r--s 00000000 08:05 3321068    /usr/lib/i386-linux-gnu/gconv/gconv-modules.cache
89930000-89940000 r-xp 00000000 08:05 286453     /home/dmitry/.rvm/rubies/jruby-1.7.10/lib/jni/i386-Linux/libjffi-1.2.so
89940000-89941000 rw-p 0000f000 08:05 286453     /home/dmitry/.rvm/rubies/jruby-1.7.10/lib/jni/i386-Linux/libjffi-1.2.so
89941000-8997d000 r-xp 00000000 08:05 1839519    /lib/i386-linux-gnu/libpcre.so.3.13.1
8997d000-8997e000 r--p 0003b000 08:05 1839519    /lib/i386-linux-gnu/libpcre.so.3.13.1
8997e000-8997f000 rw-p 0003c000 08:05 1839519    /lib/i386-linux-gnu/libpcre.so.3.13.1
8997f000-89980000 ---p 00000000 00:00 0 
89980000-89a00000 rw-p 00000000 00:00 0          [stack:9467]
89a00000-89afd000 rw-p 00000000 00:00 0 
89afd000-89b00000 ---p 00000000 00:00 0 
89b00000-89b02000 r--s 0000d000 08:05 286272     /home/dmitry/.rvm/rubies/jruby-1.7.10/lib/ruby/shared/readline/readline.jar
89b02000-89b52000 r-xp 00000000 08:05 3292795    /usr/lib/i386-linux-gnu/libgobject-2.0.so.0.4000.0
89b52000-89b53000 r--p 0004f000 08:05 3292795    /usr/lib/i386-linux-gnu/libgobject-2.0.so.0.4000.0
89b53000-89b54000 rw-p 00050000 08:05 3292795    /usr/lib/i386-linux-gnu/libgobject-2.0.so.0.4000.0
89b54000-89c3d000 r--s 00bb9000 08:05 286462     /home/dmitry/.rvm/rubies/jruby-1.7.10/lib/jruby.jar
89c3d000-89dec000 r--s 01cfb000 08:05 3423241    /usr/lib/jvm/java-7-openjdk-i386/jre/lib/rt.jar
89dec000-8b400000 rw-p 00000000 00:00 0 
8b400000-8b500000 rw-p 00000000 00:00 0 
8b500000-8b513000 r-xp 00000000 08:05 1851241    /lib/i386-linux-gnu/libresolv-2.19.so
8b513000-8b514000 ---p 00013000 08:05 1851241    /lib/i386-linux-gnu/libresolv-2.19.so
8b514000-8b515000 r--p 00013000 08:05 1851241    /lib/i386-linux-gnu/libresolv-2.19.so
8b515000-8b516000 rw-p 00014000 08:05 1851241    /lib/i386-linux-gnu/libresolv-2.19.so
8b516000-8b518000 rw-p 00000000 00:00 0 
8b518000-8b538000 r-xp 00000000 08:05 1839518    /lib/i386-linux-gnu/libselinux.so.1
8b538000-8b539000 r--p 0001f000 08:05 1839518    /lib/i386-linux-gnu/libselinux.so.1
8b539000-8b53a000 rw-p 00020000 08:05 1839518    /lib/i386-linux-gnu/libselinux.so.1
8b53a000-8b53b000 rw-p 00000000 00:00 0 
8b53b000-8b53e000 r--s 00030000 08:05 286271     /home/dmitry/.rvm/rubies/jruby-1.7.10/lib/ruby/shared/readline/jline-2.11.jar
8b53e000-8b53f000 r-xp 00000000 00:00 0 
8b53f000-8b543000 r--s 00085000 08:05 3423237    /usr/lib/jvm/java-7-openjdk-i386/jre/lib/ext/localedata.jar
8b543000-8b554000 r-xp 00000000 08:05 3423270    /usr/lib/jvm/java-7-openjdk-i386/jre/lib/i386/libnio.so
8b554000-8b555000 r--p 00010000 08:05 3423270    /usr/lib/jvm/java-7-openjdk-i386/jre/lib/i386/libnio.so
8b555000-8b556000 rw-p 00011000 08:05 3423270    /usr/lib/jvm/java-7-openjdk-i386/jre/lib/i386/libnio.so
8b556000-8b57f000 rw-p 00000000 00:00 0 
8b57f000-8b580000 ---p 00000000 00:00 0 
8b580000-8b600000 rw-p 00000000 00:00 0          [stack:9466]
8b600000-8b621000 rw-p 00000000 00:00 0 
8b621000-8b700000 ---p 00000000 00:00 0 
8b700000-8b721000 rw-p 00000000 00:00 0 
8b721000-8b800000 ---p 00000000 00:00 0 
8b800000-8b803000 r--s 00032000 08:05 3423234    /usr/lib/jvm/java-7-openjdk-i386/jre/lib/ext/sunjce_provider.jar
8b803000-8b806000 r--s 0000f000 08:05 3423235    /usr/lib/jvm/java-7-openjdk-i386/jre/lib/ext/pulse-java.jar
8b806000-8b80b000 r--s 0004c000 08:05 3423242    /usr/lib/jvm/java-7-openjdk-i386/jre/lib/jsse.jar
8b80b000-8b822000 r-xp 00000000 08:05 3423271    /usr/lib/jvm/java-7-openjdk-i386/jre/lib/i386/libnet.so
8b822000-8b823000 r--p 00016000 08:05 3423271    /usr/lib/jvm/java-7-openjdk-i386/jre/lib/i386/libnet.so
8b823000-8b824000 rw-p 00017000 08:05 3423271    /usr/lib/jvm/java-7-openjdk-i386/jre/lib/i386/libnet.so
8b824000-8b87f000 rw-p 00000000 00:00 0 
8b87f000-8b880000 ---p 00000000 00:00 0 
8b880000-8b900000 rw-p 00000000 00:00 0          [stack:9465]
8b900000-8b938000 rw-p 00000000 00:00 0 
8b938000-8ba00000 ---p 00000000 00:00 0 
8ba00000-8ba04000 r--s 0003b000 08:05 3423236    /usr/lib/jvm/java-7-openjdk-i386/jre/lib/ext/sunpkcs11.jar
8ba04000-8ba5c000 rw-p 00000000 00:00 0 
8ba5c000-8ba5d000 ---p 00000000 00:00 0 
8ba5d000-8badd000 rw-p 00000000 00:00 0          [stack:9464]
8badd000-8bade000 ---p 00000000 00:00 0 
8bade000-8bb73000 rw-p 00000000 00:00 0          [stack:9463]
8bb73000-8bc05000 rw-p 00000000 00:00 0 
8bc05000-8bc10000 rw-p 00000000 00:00 0 
8bc10000-8bc45000 rw-p 00000000 00:00 0 
8bc45000-8bc5a000 rw-p 00000000 00:00 0 
8bc5a000-8bceb000 rw-p 00000000 00:00 0 
8bceb000-8bcfe000 rw-p 00000000 00:00 0 
8bcfe000-8bd3f000 rw-p 00000000 00:00 0 
8bd3f000-8d340000 rw-p 00000000 00:00 0 
8d340000-93d40000 rw-p 00000000 00:00 0 
93d40000-96600000 rw-p 00000000 00:00 0 
96600000-a8a80000 rw-p 00000000 00:00 0 
a8a80000-aae80000 rw-p 00000000 00:00 0 
aae80000-b3140000 rw-p 00000000 00:00 0 
b3140000-b3149000 rw-p 00000000 00:00 0 
b3149000-b3200000 rw-p 00000000 00:00 0 
b3200000-b3440000 rwxp 00000000 00:00 0 
b3440000-b62fe000 rw-p 00000000 00:00 0 
b62fe000-b6300000 ---p 00000000 00:00 0 
b6300000-b6302000 r--s 00006000 08:05 3681040    /usr/share/java/java-atk-wrapper.jar
b6302000-b6307000 r-xp 00000000 08:05 3285905    /usr/lib/i386-linux-gnu/libffi.so.6.0.1
b6307000-b6308000 r--p 00005000 08:05 3285905    /usr/lib/i386-linux-gnu/libffi.so.6.0.1
b6308000-b6309000 rw-p 00006000 08:05 3285905    /usr/lib/i386-linux-gnu/libffi.so.6.0.1
b6309000-b6314000 rw-p 00000000 00:00 0 
b6314000-b6349000 rw-p 00000000 00:00 0 
b6349000-b6354000 r-xp 00000000 08:05 1851245    /lib/i386-linux-gnu/libnss_files-2.19.so
b6354000-b6355000 r--p 0000a000 08:05 1851245    /lib/i386-linux-gnu/libnss_files-2.19.so
b6355000-b6356000 rw-p 0000b000 08:05 1851245    /lib/i386-linux-gnu/libnss_files-2.19.so
b6356000-b6360000 r-xp 00000000 08:05 1851237    /lib/i386-linux-gnu/libnss_nis-2.19.so
b6360000-b6361000 r--p 00009000 08:05 1851237    /lib/i386-linux-gnu/libnss_nis-2.19.so
b6361000-b6362000 rw-p 0000a000 08:05 1851237    /lib/i386-linux-gnu/libnss_nis-2.19.so
b6362000-b6377000 r-xp 00000000 08:05 1851228    /lib/i386-linux-gnu/libnsl-2.19.so
b6377000-b6378000 r--p 00015000 08:05 1851228    /lib/i386-linux-gnu/libnsl-2.19.so
b6378000-b6379000 rw-p 00016000 08:05 1851228    /lib/i386-linux-gnu/libnsl-2.19.so
b6379000-b637b000 rw-p 00000000 00:00 0 
b637b000-b637d000 r--s 00012000 08:05 3423239    /usr/lib/jvm/java-7-openjdk-i386/jre/lib/ext/zipfs.jar
b637d000-b637e000 r--s 00002000 08:05 3423233    /usr/lib/jvm/java-7-openjdk-i386/jre/lib/ext/dnsns.jar
b637e000-b6381000 r-xp 00000000 08:05 3288301    /usr/lib/i386-linux-gnu/libgmodule-2.0.so.0.4000.0
b6381000-b6382000 r--p 00002000 08:05 3288301    /usr/lib/i386-linux-gnu/libgmodule-2.0.so.0.4000.0
b6382000-b6383000 rw-p 00003000 08:05 3288301    /usr/lib/i386-linux-gnu/libgmodule-2.0.so.0.4000.0
b6383000-b6384000 r--p 002c5000 08:05 3290023    /usr/lib/locale/locale-archive
b6384000-b638c000 r-xp 00000000 08:05 3423281    /usr/lib/jvm/java-7-openjdk-i386/jre/lib/i386/libzip.so
b638c000-b638d000 r--p 00007000 08:05 3423281    /usr/lib/jvm/java-7-openjdk-i386/jre/lib/i386/libzip.so
b638d000-b638e000 rw-p 00008000 08:05 3423281    /usr/lib/jvm/java-7-openjdk-i386/jre/lib/i386/libzip.so
b638e000-b6396000 rw-s 00000000 08:05 3020585    /tmp/hsperfdata_dmitry/9461
b6396000-b63bd000 r-xp 00000000 08:05 3423263    /usr/lib/jvm/java-7-openjdk-i386/jre/lib/i386/libjava.so
b63bd000-b63be000 r--p 00026000 08:05 3423263    /usr/lib/jvm/java-7-openjdk-i386/jre/lib/i386/libjava.so
b63be000-b63bf000 rw-p 00027000 08:05 3423263    /usr/lib/jvm/java-7-openjdk-i386/jre/lib/i386/libjava.so
b63bf000-b63c6000 r-xp 00000000 08:05 1851236    /lib/i386-linux-gnu/librt-2.19.so
b63c6000-b63c7000 r--p 00006000 08:05 1851236    /lib/i386-linux-gnu/librt-2.19.so
b63c7000-b63c8000 rw-p 00007000 08:05 1851236    /lib/i386-linux-gnu/librt-2.19.so
b63c8000-b63cb000 ---p 00000000 00:00 0 
b63cb000-b65c9000 rw-p 00000000 00:00 0          [stack:9462]
b65c9000-b65e5000 r-xp 00000000 08:05 1838620    /lib/i386-linux-gnu/libgcc_s.so.1
b65e5000-b65e6000 rw-p 0001b000 08:05 1838620    /lib/i386-linux-gnu/libgcc_s.so.1
b65e6000-b662a000 r-xp 00000000 08:05 1851238    /lib/i386-linux-gnu/libm-2.19.so
b662a000-b662b000 r--p 00043000 08:05 1851238    /lib/i386-linux-gnu/libm-2.19.so
b662b000-b662c000 rw-p 00044000 08:05 1851238    /lib/i386-linux-gnu/libm-2.19.so
b662c000-b6708000 r-xp 00000000 08:05 3283546    /usr/lib/i386-linux-gnu/libstdc++.so.6.0.19
b6708000-b6709000 ---p 000dc000 08:05 3283546    /usr/lib/i386-linux-gnu/libstdc++.so.6.0.19
b6709000-b670d000 r--p 000dc000 08:05 3283546    /usr/lib/i386-linux-gnu/libstdc++.so.6.0.19
b670d000-b670e000 rw-p 000e0000 08:05 3283546    /usr/lib/i386-linux-gnu/libstdc++.so.6.0.19
b670e000-b6715000 rw-p 00000000 00:00 0 
b6715000-b70e1000 r-xp 00000000 08:05 3423258    /usr/lib/jvm/java-7-openjdk-i386/jre/lib/i386/server/libjvm.so
b70e1000-b70e2000 ---p 009cc000 08:05 3423258    /usr/lib/jvm/java-7-openjdk-i386/jre/lib/i386/server/libjvm.so
b70e2000-b7133000 r--p 009cc000 08:05 3423258    /usr/lib/jvm/java-7-openjdk-i386/jre/lib/i386/server/libjvm.so
b7133000-b7147000 rw-p 00a1d000 08:05 3423258    /usr/lib/jvm/java-7-openjdk-i386/jre/lib/i386/server/libjvm.so
b7147000-b7565000 rw-p 00000000 00:00 0 
b7565000-b757d000 r-xp 00000000 08:05 1839699    /lib/i386-linux-gnu/libz.so.1.2.8
b757d000-b757e000 r--p 00017000 08:05 1839699    /lib/i386-linux-gnu/libz.so.1.2.8
b757e000-b757f000 rw-p 00018000 08:05 1839699    /lib/i386-linux-gnu/libz.so.1.2.8
b757f000-b7597000 r-xp 00000000 08:05 1851234    /lib/i386-linux-gnu/libpthread-2.19.so
b7597000-b7598000 r--p 00017000 08:05 1851234    /lib/i386-linux-gnu/libpthread-2.19.so
b7598000-b7599000 rw-p 00018000 08:05 1851234    /lib/i386-linux-gnu/libpthread-2.19.so
b7599000-b759b000 rw-p 00000000 00:00 0 
b759b000-b759e000 r-xp 00000000 08:05 1851249    /lib/i386-linux-gnu/libdl-2.19.so
b759e000-b759f000 r--p 00002000 08:05 1851249    /lib/i386-linux-gnu/libdl-2.19.so
b759f000-b75a0000 rw-p 00003000 08:05 1851249    /lib/i386-linux-gnu/libdl-2.19.so
b75a0000-b7749000 r-xp 00000000 08:05 1839543    /lib/i386-linux-gnu/libc-2.19.so
b7749000-b774b000 r--p 001a9000 08:05 1839543    /lib/i386-linux-gnu/libc-2.19.so
b774b000-b774c000 rw-p 001ab000 08:05 1839543    /lib/i386-linux-gnu/libc-2.19.so
b774c000-b7750000 rw-p 00000000 00:00 0 
b7750000-b7757000 r-xp 00000000 08:05 1851233    /lib/i386-linux-gnu/libnss_compat-2.19.so
b7757000-b7758000 r--p 00006000 08:05 1851233    /lib/i386-linux-gnu/libnss_compat-2.19.so
b7758000-b7759000 rw-p 00007000 08:05 1851233    /lib/i386-linux-gnu/libnss_compat-2.19.so
b7759000-b775a000 rw-p 00000000 00:00 0 
b775a000-b775b000 r--p 00000000 00:00 0 
b775b000-b7769000 r-xp 00000000 08:05 3423273    /usr/lib/jvm/java-7-openjdk-i386/jre/lib/i386/libverify.so
b7769000-b776a000 r--p 0000d000 08:05 3423273    /usr/lib/jvm/java-7-openjdk-i386/jre/lib/i386/libverify.so
b776a000-b776b000 rw-p 0000e000 08:05 3423273    /usr/lib/jvm/java-7-openjdk-i386/jre/lib/i386/libverify.so
b776b000-b7777000 r-xp 00000000 08:05 3423264    /usr/lib/jvm/java-7-openjdk-i386/jre/lib/i386/jli/libjli.so
b7777000-b7778000 r--p 0000c000 08:05 3423264    /usr/lib/jvm/java-7-openjdk-i386/jre/lib/i386/jli/libjli.so
b7778000-b7779000 rw-p 0000d000 08:05 3423264    /usr/lib/jvm/java-7-openjdk-i386/jre/lib/i386/jli/libjli.so
b7779000-b777b000 rw-p 00000000 00:00 0 
b777b000-b777c000 r-xp 00000000 00:00 0          [vdso]
b777c000-b779c000 r-xp 00000000 08:05 1851240    /lib/i386-linux-gnu/ld-2.19.so
b779c000-b779d000 r--p 0001f000 08:05 1851240    /lib/i386-linux-gnu/ld-2.19.so
b779d000-b779e000 rw-p 00020000 08:05 1851240    /lib/i386-linux-gnu/ld-2.19.so
bfc6d000-bfc8e000 rw-p 00000000 00:00 0          [stack]

VM Arguments:
jvm_args: -Djdk.home= -Djruby.home=/home/dmitry/.rvm/rubies/jruby-1.7.10 -Djruby.script=jruby -Djruby.shell=/bin/sh -Djffi.boot.library.path=/home/dmitry/.rvm/rubies/jruby-1.7.10/lib/jni:/home/dmitry/.rvm/rubies/jruby-1.7.10/lib/jni/x86_64-Linux:/home/dmitry/.rvm/rubies/jruby-1.7.10/lib/jni/i386-Linux:/home/dmitry/.rvm/rubies/jruby-1.7.10/lib/jni/arm-Linux -Xmx500m -Xss2048k -Xbootclasspath/a:/home/dmitry/.rvm/rubies/jruby-1.7.10/lib/jruby.jar 
java_command: org/jruby/Main /home/dmitry/.rvm/rubies/jruby-1.7.10/bin/jirb
Launcher Type: SUN_STANDARD

Environment Variables:
PATH=/home/dmitry/.rvm/gems/jruby-1.7.10/bin:/home/dmitry/.rvm/gems/jruby-1.7.10@global/bin:/home/dmitry/.rvm/rubies/jruby-1.7.10/bin:/home/dmitry/.rvm/bin:/usr/local/sbin:/usr/local/bin:/usr/sbin:/usr/bin:/sbin:/bin:/usr/games:/usr/local/games
SHELL=/usr/bin/fish
DISPLAY=:0

Signal Handlers:
SIGSEGV: [libjvm.so+0x7eebf0], sa_mask[0]=0x7ffbfeff, sa_flags=0x10000004
SIGBUS: [libjvm.so+0x7eebf0], sa_mask[0]=0x7ffbfeff, sa_flags=0x10000004
SIGFPE: [libjvm.so+0x66c6a0], sa_mask[0]=0x7ffbfeff, sa_flags=0x10000004
SIGPIPE: [libjvm.so+0x66c6a0], sa_mask[0]=0x7ffbfeff, sa_flags=0x10000004
SIGXFSZ: [libjvm.so+0x66c6a0], sa_mask[0]=0x7ffbfeff, sa_flags=0x10000004
SIGILL: [libjvm.so+0x66c6a0], sa_mask[0]=0x7ffbfeff, sa_flags=0x10000004
SIGUSR1: SIG_DFL, sa_mask[0]=0x00000000, sa_flags=0x00000000
SIGUSR2: [libjvm.so+0x66c530], sa_mask[0]=0x00000000, sa_flags=0x10000004
SIGHUP: [libjvm.so+0x66c760], sa_mask[0]=0x7ffbfeff, sa_flags=0x10000004
SIGINT: [libjvm.so+0x66c760], sa_mask[0]=0x7ffbfeff, sa_flags=0x10000004
SIGTERM: [libjvm.so+0x66c760], sa_mask[0]=0x7ffbfeff, sa_flags=0x10000004
SIGQUIT: [libjvm.so+0x66c760], sa_mask[0]=0x7ffbfeff, sa_flags=0x10000004


---------------  S Y S T E M  ---------------

OS:Ubuntu 14.04 (trusty)
uname:Linux 3.13.0-29-generic #53-Ubuntu SMP Wed Jun 4 21:02:19 UTC 2014 i686
libc:glibc 2.19 NPTL 2.19 
rlimit: STACK 8192k, CORE 0k, NPROC 31250, NOFILE 4096, AS infinity
load average:0.79 0.61 0.52

/proc/meminfo:
MemTotal:        4019240 kB
MemFree:         1485508 kB
Buffers:          399296 kB
Cached:          1390872 kB
SwapCached:           92 kB
Active:          1225748 kB
Inactive:        1078264 kB
Active(anon):     424140 kB
Inactive(anon):   165004 kB
Active(file):     801608 kB
Inactive(file):   913260 kB
Unevictable:          48 kB
Mlocked:              48 kB
HighTotal:       3166348 kB
HighFree:        1340228 kB
LowTotal:         852892 kB
LowFree:          145280 kB
SwapTotal:       2047996 kB
SwapFree:        2047476 kB
Dirty:               344 kB
Writeback:             0 kB
AnonPages:        505404 kB
Mapped:           157000 kB
Shmem:             75160 kB
Slab:             186020 kB
SReclaimable:     160176 kB
SUnreclaim:        25844 kB
KernelStack:        3704 kB
PageTables:         9012 kB
NFS_Unstable:          0 kB
Bounce:              220 kB
WritebackTmp:          0 kB
CommitLimit:     4057616 kB
Committed_AS:    3268928 kB
VmallocTotal:     122880 kB
VmallocUsed:       17632 kB
VmallocChunk:      64756 kB
HardwareCorrupted:     0 kB
AnonHugePages:    344064 kB
HugePages_Total:       0
HugePages_Free:        0
HugePages_Rsvd:        0
HugePages_Surp:        0
Hugepagesize:       2048 kB
DirectMap4k:       51192 kB
DirectMap2M:      860160 kB


CPU:total 4 (2 cores per cpu, 2 threads per core) family 6 model 58 stepping 9, cmov, cx8, fxsr, mmx, sse, sse2, sse3, ssse3, sse4.1, sse4.2, popcnt, avx, erms, ht, tsc, tscinvbit, tscinv

/proc/cpuinfo:
processor	: 0
vendor_id	: GenuineIntel
cpu family	: 6
model		: 58
model name	: Intel(R) Core(TM) i3-3217U CPU @ 1.80GHz
stepping	: 9
microcode	: 0x15
cpu MHz		: 1801.000
cache size	: 3072 KB
physical id	: 0
siblings	: 4
core id		: 0
cpu cores	: 2
apicid		: 0
initial apicid	: 0
fdiv_bug	: no
f00f_bug	: no
coma_bug	: no
fpu		: yes
fpu_exception	: yes
cpuid level	: 13
wp		: yes
flags		: fpu vme de pse tsc msr pae mce cx8 apic sep mtrr pge mca cmov pat pse36 clflush dts acpi mmx fxsr sse sse2 ss ht tm pbe nx rdtscp lm constant_tsc arch_perfmon pebs bts xtopology nonstop_tsc aperfmperf eagerfpu pni pclmulqdq dtes64 monitor ds_cpl vmx est tm2 ssse3 cx16 xtpr pdcm pcid sse4_1 sse4_2 x2apic popcnt tsc_deadline_timer xsave avx f16c lahf_lm ida arat epb xsaveopt pln pts dtherm tpr_shadow vnmi flexpriority ept vpid fsgsbase smep erms
bogomips	: 3591.79
clflush size	: 64
cache_alignment	: 64
address sizes	: 36 bits physical, 48 bits virtual
power management:

processor	: 1
vendor_id	: GenuineIntel
cpu family	: 6
model		: 58
model name	: Intel(R) Core(TM) i3-3217U CPU @ 1.80GHz
stepping	: 9
microcode	: 0x15
cpu MHz		: 1801.000
cache size	: 3072 KB
physical id	: 0
siblings	: 4
core id		: 1
cpu cores	: 2
apicid		: 2
initial apicid	: 2
fdiv_bug	: no
f00f_bug	: no
coma_bug	: no
fpu		: yes
fpu_exception	: yes
cpuid level	: 13
wp		: yes
flags		: fpu vme de pse tsc msr pae mce cx8 apic sep mtrr pge mca cmov pat pse36 clflush dts acpi mmx fxsr sse sse2 ss ht tm pbe nx rdtscp lm constant_tsc arch_perfmon pebs bts xtopology nonstop_tsc aperfmperf eagerfpu pni pclmulqdq dtes64 monitor ds_cpl vmx est tm2 ssse3 cx16 xtpr pdcm pcid sse4_1 sse4_2 x2apic popcnt tsc_deadline_timer xsave avx f16c lahf_lm ida arat epb xsaveopt pln pts dtherm tpr_shadow vnmi flexpriority ept vpid fsgsbase smep erms
bogomips	: 3591.79
clflush size	: 64
cache_alignment	: 64
address sizes	: 36 bits physical, 48 bits virtual
power management:

processor	: 2
vendor_id	: GenuineIntel
cpu family	: 6
model		: 58
model name	: Intel(R) Core(TM) i3-3217U CPU @ 1.80GHz
stepping	: 9
microcode	: 0x15
cpu MHz		: 1801.000
cache size	: 3072 KB
physical id	: 0
siblings	: 4
core id		: 0
cpu cores	: 2
apicid		: 1
initial apicid	: 1
fdiv_bug	: no
f00f_bug	: no
coma_bug	: no
fpu		: yes
fpu_exception	: yes
cpuid level	: 13
wp		: yes
flags		: fpu vme de pse tsc msr pae mce cx8 apic sep mtrr pge mca cmov pat pse36 clflush dts acpi mmx fxsr sse sse2 ss ht tm pbe nx rdtscp lm constant_tsc arch_perfmon pebs bts xtopology nonstop_tsc aperfmperf eagerfpu pni pclmulqdq dtes64 monitor ds_cpl vmx est tm2 ssse3 cx16 xtpr pdcm pcid sse4_1 sse4_2 x2apic popcnt tsc_deadline_timer xsave avx f16c lahf_lm ida arat epb xsaveopt pln pts dtherm tpr_shadow vnmi flexpriority ept vpid fsgsbase smep erms
bogomips	: 3591.79
clflush size	: 64
cache_alignment	: 64
address sizes	: 36 bits physical, 48 bits virtual
power management:

processor	: 3
vendor_id	: GenuineIntel
cpu family	: 6
model		: 58
model name	: Intel(R) Core(TM) i3-3217U CPU @ 1.80GHz
stepping	: 9
microcode	: 0x15
cpu MHz		: 1801.000
cache size	: 3072 KB
physical id	: 0
siblings	: 4
core id		: 1
cpu cores	: 2
apicid		: 3
initial apicid	: 3
fdiv_bug	: no
f00f_bug	: no
coma_bug	: no
fpu		: yes
fpu_exception	: yes
cpuid level	: 13
wp		: yes
flags		: fpu vme de pse tsc msr pae mce cx8 apic sep mtrr pge mca cmov pat pse36 clflush dts acpi mmx fxsr sse sse2 ss ht tm pbe nx rdtscp lm constant_tsc arch_perfmon pebs bts xtopology nonstop_tsc aperfmperf eagerfpu pni pclmulqdq dtes64 monitor ds_cpl vmx est tm2 ssse3 cx16 xtpr pdcm pcid sse4_1 sse4_2 x2apic popcnt tsc_deadline_timer xsave avx f16c lahf_lm ida arat epb xsaveopt pln pts dtherm tpr_shadow vnmi flexpriority ept vpid fsgsbase smep erms
bogomips	: 3591.79
clflush size	: 64
cache_alignment	: 64
address sizes	: 36 bits physical, 48 bits virtual
power management:



Memory: 4k page, physical 4019240k(1506260k free), swap 2047996k(2047476k free)

vm_info: OpenJDK Server VM (24.51-b03) for linux-x86 JRE (1.7.0_55-b14), built on Apr 17 2014 20:10:15 by "buildd" with gcc 4.8.2

time: Mon Sep  1 21:02:46 2014
elapsed time: 2987 seconds

